<?xml version="1.0" encoding="UTF-8"?>
<!-- Generated by org.testng.reporters.JUnitReportReporter -->
<testsuite hostname="BoraTechs-MBP.fios-router.home" failures="0" tests="1" name="testNGClassMonday.DemoTestNG" time="0.001" errors="0" timestamp="2022-08-15T20:46:13 EDT" skipped="0">
  <testcase classname="testNGClassMonday.DemoTestNG" name="demoTest" time="0.001"/>
  <system-out/>
</testsuite> <!-- testNGClassMonday.DemoTestNG -->
