<?xml version="1.0" encoding="UTF-8"?>
<!-- Generated by org.testng.reporters.JUnitReportReporter -->
<testsuite hostname="BoraTechs-MBP.fios-router.home" failures="0" tests="2" name="testNGClassMonday.DemoTestNGTwo" time="0.003" errors="0" timestamp="2022-08-15T20:46:13 EDT" skipped="0">
  <testcase classname="testNGClassMonday.DemoTestNGTwo" name="test" time="0.001"/>
  <system-out/>
  <testcase classname="testNGClassMonday.DemoTestNGTwo" name="testAgain" time="0.002"/>
  <system-out/>
</testsuite> <!-- testNGClassMonday.DemoTestNGTwo -->
