<?xml version="1.0" encoding="UTF-8"?>
<!-- Generated by org.testng.reporters.JUnitReportReporter -->
<testsuite hostname="BoraTechs-MBP.fios-router.home" failures="0" tests="3" name="testNGClassMonday.MondayClass_TestNG" time="0.005" errors="0" timestamp="2022-08-15T20:46:13 EDT" skipped="0">
  <testcase classname="testNGClassMonday.MondayClass_TestNG" name="testOne" time="0.003"/>
  <system-out/>
  <testcase classname="testNGClassMonday.MondayClass_TestNG" name="testThree" time="0.001"/>
  <system-out/>
  <testcase classname="testNGClassMonday.MondayClass_TestNG" name="testTwo" time="0.001"/>
  <system-out/>
</testsuite> <!-- testNGClassMonday.MondayClass_TestNG -->
